#
# There is insufficient memory for the Java Runtime Environment to continue.
# Native memory allocation (malloc) failed to allocate 1048576 bytes for AllocateHeap
# Possible reasons:
#   The system is out of physical RAM or swap space
#   The process is running with CompressedOops enabled, and the Java Heap may be blocking the growth of the native heap
# Possible solutions:
#   Reduce memory load on the system
#   Increase physical memory or swap space
#   Check if swap backing store is full
#   Decrease Java heap size (-Xmx/-Xms)
#   Decrease number of Java threads
#   Decrease Java thread stack sizes (-Xss)
#   Set larger code cache with -XX:ReservedCodeCacheSize=
#   JVM is running with Unscaled Compressed Oops mode in which the Java heap is
#     placed in the first 4GB address space. The Java Heap base address is the
#     maximum limit for the native heap growth. Please use -XX:HeapBaseMinAddress
#     to set the Java Heap base and to place the Java Heap above 4GB virtual address.
# This output file may be truncated or incomplete.
#
#  Out of Memory Error (memory/allocation.inline.hpp:61), pid=22880, tid=0x0000000000004cac
#
# JRE version:  (8.0_201-b09) (build )
# Java VM: Java HotSpot(TM) 64-Bit Server VM (25.201-b09 mixed mode windows-amd64 compressed oops)
# Failed to write core dump. Minidumps are not enabled by default on client versions of Windows
#

---------------  T H R E A D  ---------------

Current thread (0x00000000025fd800):  JavaThread "Unknown thread" [_thread_in_vm, id=19628, stack(0x0000000002600000,0x0000000002700000)]

Stack: [0x0000000002600000,0x0000000002700000]
[error occurred during error reporting (printing stack bounds), id 0xc0000005]

Native frames: (J=compiled Java code, j=interpreted, Vv=VM code, C=native code)


---------------  P R O C E S S  ---------------

Java Threads: ( => current thread )

Other Threads:

=>0x00000000025fd800 (exited) JavaThread "Unknown thread" [_thread_in_vm, id=19628, stack(0x0000000002600000,0x0000000002700000)]

VM state:not at safepoint (normal execution)

VM Mutex/Monitor currently owned by a thread: None

heap address: 0x0000000085800000, size: 1960 MB, Compressed Oops mode: 32-bit
Narrow klass base: 0x0000000000000000, Narrow klass shift: 3
Compressed class space size: 1073741824 Address: 0x0000000100000000

Heap:
 PSYoungGen      total 36864K, used 634K [0x00000000d7300000, 0x00000000d9c00000, 0x0000000100000000)
  eden space 31744K, 2% used [0x00000000d7300000,0x00000000d739eb90,0x00000000d9200000)
  from space 5120K, 0% used [0x00000000d9700000,0x00000000d9700000,0x00000000d9c00000)
  to   space 5120K, 0% used [0x00000000d9200000,0x00000000d9200000,0x00000000d9700000)
 ParOldGen       total 84992K, used 0K [0x0000000085800000, 0x000000008ab00000, 0x00000000d7300000)
  object space 84992K, 0% used [0x0000000085800000,0x0000000085800000,0x000000008ab00000)
 Metaspace       used 751K, capacity 4480K, committed 4480K, reserved 1056768K
  class space    used 76K, capacity 384K, committed 384K, reserved 1048576K

Card table byte_map: [0x0000000011f10000,0x00000000122f0000] byte_map_base: 0x0000000011ae4000

Marking Bits: (ParMarkBitMap*) 0x0000000061ea4ce0
 Begin Bits: [0x0000000012d80000, 0x0000000014c20000)
 End Bits:   [0x0000000014c20000, 0x0000000016ac0000)

Polling page: 0x0000000000830000

CodeCache: size=245760Kb used=328Kb max_used=328Kb free=245431Kb
 bounds [0x0000000002b50000, 0x0000000002dc0000, 0x0000000011b50000]
 total_blobs=58 nmethods=0 adapters=38
 compilation: enabled

Compilation events (0 events):
No events

GC Heap History (0 events):
No events

Deoptimization events (0 events):
No events

Classes redefined (0 events):
No events

Internal exceptions (0 events):
No events

Events (10 events):
Event: 0.036 loading class java/lang/Short
Event: 0.036 loading class java/lang/Short done
Event: 0.036 loading class java/lang/Integer
Event: 0.037 loading class java/lang/Integer done
Event: 0.037 loading class java/lang/Long
Event: 0.037 loading class java/lang/Long done
Event: 0.037 loading class java/lang/NullPointerException
Event: 0.037 loading class java/lang/NullPointerException done
Event: 0.037 loading class java/lang/ArithmeticException
Event: 0.037 loading class java/lang/ArithmeticException done


Dynamic libraries:
0x00007ff764040000 - 0x00007ff764077000 	D:\programme files\JAVA\bin\javaw.exe
0x00007ffac2a20000 - 0x00007ffac2c0d000 	C:\WINDOWS\SYSTEM32\ntdll.dll
0x00007ffac0460000 - 0x00007ffac0513000 	C:\WINDOWS\System32\KERNEL32.DLL
0x00007ffabeca0000 - 0x00007ffabef33000 	C:\WINDOWS\System32\KERNELBASE.dll
0x00007ffac0030000 - 0x00007ffac00d3000 	C:\WINDOWS\System32\ADVAPI32.dll
0x00007ffac03c0000 - 0x00007ffac045e000 	C:\WINDOWS\System32\msvcrt.dll
0x00007ffac2750000 - 0x00007ffac27ee000 	C:\WINDOWS\System32\sechost.dll
0x00007ffac0ff0000 - 0x00007ffac1112000 	C:\WINDOWS\System32\RPCRT4.dll
0x00007ffac0c90000 - 0x00007ffac0e27000 	C:\WINDOWS\System32\USER32.dll
0x00007ffabf9d0000 - 0x00007ffabf9f0000 	C:\WINDOWS\System32\win32u.dll
0x00007ffac2720000 - 0x00007ffac2749000 	C:\WINDOWS\System32\GDI32.dll
0x00007ffabeb00000 - 0x00007ffabec99000 	C:\WINDOWS\System32\gdi32full.dll
0x00007ffabfaa0000 - 0x00007ffabfb40000 	C:\WINDOWS\System32\msvcp_win.dll
0x00007ffabfb40000 - 0x00007ffabfc3a000 	C:\WINDOWS\System32\ucrtbase.dll
0x00007ffab07d0000 - 0x00007ffab0a49000 	C:\WINDOWS\WinSxS\amd64_microsoft.windows.common-controls_6595b64144ccf1df_6.0.17763.864_none_05b3441807210760\COMCTL32.dll
0x00007ffabfd00000 - 0x00007ffac002c000 	C:\WINDOWS\System32\combase.dll
0x00007ffabf920000 - 0x00007ffabf99e000 	C:\WINDOWS\System32\bcryptPrimitives.dll
0x00007ffac0e40000 - 0x00007ffac0e6e000 	C:\WINDOWS\System32\IMM32.DLL
0x0000000063e70000 - 0x0000000063f41000 	D:\programme files\JAVA\bin\msvcr100.dll
0x0000000061680000 - 0x0000000061f24000 	D:\programme files\JAVA\bin\server\jvm.dll
0x00007ffac0ad0000 - 0x00007ffac0ad8000 	C:\WINDOWS\System32\PSAPI.DLL
0x00007ffaba5e0000 - 0x00007ffaba604000 	C:\WINDOWS\SYSTEM32\WINMM.dll
0x00007ffaa9f30000 - 0x00007ffaa9f39000 	C:\WINDOWS\SYSTEM32\WSOCK32.dll
0x00007ffab0c70000 - 0x00007ffab0c7a000 	C:\WINDOWS\SYSTEM32\VERSION.dll
0x00007ffac2630000 - 0x00007ffac269d000 	C:\WINDOWS\System32\WS2_32.dll
0x00007ffaba5b0000 - 0x00007ffaba5dd000 	C:\WINDOWS\SYSTEM32\WINMMBASE.dll
0x00007ffabef40000 - 0x00007ffabef8a000 	C:\WINDOWS\System32\cfgmgr32.dll
0x00007ffab82d0000 - 0x00007ffab82df000 	D:\programme files\JAVA\bin\verify.dll
0x00007ffa9b480000 - 0x00007ffa9b4a9000 	D:\programme files\JAVA\bin\java.dll
0x00007ffaaa080000 - 0x00007ffaaa096000 	D:\programme files\JAVA\bin\zip.dll

VM Arguments:
jvm_args: -Dfile.encoding=MS949 
java_command: Lab02.Lab02Test
java_class_path (initial): D:\자바프로그래밍\Lab02_2017136145\bin
Launcher Type: SUN_STANDARD

Environment Variables:
PATH=D:/programme files/JAVA/bin/server;D:/programme files/JAVA/bin;D:/programme files/JAVA/lib/amd64;C:\Program Files (x86)\Common Files\Oracle\Java\javapath;C:\Program Files (x86)\Intel\iCLS Client\;C:\Program Files\Intel\iCLS Client\;C:\WINDOWS\system32;C:\WINDOWS;C:\WINDOWS\System32\Wbem;C:\WINDOWS\System32\WindowsPowerShell\v1.0\;C:\Program Files (x86)\Intel\Intel(R) Management Engine Components\DAL;C:\Program Files\Intel\Intel(R) Management Engine Components\DAL;C:\Program Files (x86)\Intel\Intel(R) Management Engine Components\IPT;C:\Program Files\Intel\Intel(R) Management Engine Components\IPT;C:\WINDOWS\System32\OpenSSH\;C:\Program Files (x86)\Microsoft SQL Server\150\DTS\Binn\;C:\Program Files\Microsoft SQL Server\Client SDK\ODBC\130\Tools\Binn\;C:\Program Files (x86)\Microsoft SQL Server\130\Tools\Binn\;C:\Program Files\Microsoft SQL Server\130\Tools\Binn\;C:\Program Files\Microsoft SQL Server\130\DTS\Binn\;C:\Users\lg\.windows-build-tools\python27\;C:\Users\lg\AppData\Local\Microsoft\WindowsApps;C:\Users\lg\AppData\Local\GitHubDesktop\bin;D:\자바프로그래밍\java-latest-released\eclipse;
USERNAME=lg
OS=Windows_NT
PROCESSOR_IDENTIFIER=Intel64 Family 6 Model 142 Stepping 10, GenuineIntel



---------------  S Y S T E M  ---------------

OS: Windows 10.0 , 64 bit Build 17763 (10.0.17763.475)

CPU:total 8 (initial active 8) (4 cores per cpu, 2 threads per core) family 6 model 142 stepping 10, cmov, cx8, fxsr, mmx, sse, sse2, sse3, ssse3, sse4.1, sse4.2, popcnt, avx, avx2, aes, clmul, erms, 3dnowpref, lzcnt, ht, tsc, tscinvbit, bmi1, bmi2, adx

Memory: 4k page, physical 8021784k(2177372k free), swap 32139032k(6300k free)

vm_info: Java HotSpot(TM) 64-Bit Server VM (25.201-b09) for windows-amd64 JRE (1.8.0_201-b09), built on Dec 15 2018 18:36:39 by "java_re" with MS VC++ 10.0 (VS2010)

time: Mon Dec 16 13:43:18 2019
timezone: 대한민국 표준시
elapsed time: 0 seconds (0d 0h 0m 0s)

